miniconda version 24.1.2 python3.11.7 unloaded.
miniconda version 24.1.2 python3.11.7 loaded.
Traceback (most recent call last):
  File "/geode2/home/u110/zwu1/BigRed200/HierarchicalPrediction/src/./dbn.py", line 461, in <module>
    dbn.load_model(filename)
  File "/geode2/home/u110/zwu1/BigRed200/HierarchicalPrediction/src/./dbn.py", line 353, in load_model
    model = torch.load(savefile, weights_only=False)
  File "/N/u/zwu1/BigRed200/.conda/envs/hdp/lib/python3.10/site-packages/torch/serialization.py", line 1097, in load
    return _load(
  File "/N/u/zwu1/BigRed200/.conda/envs/hdp/lib/python3.10/site-packages/torch/serialization.py", line 1525, in _load
    result = unpickler.load()
  File "/N/u/zwu1/BigRed200/.conda/envs/hdp/lib/python3.10/site-packages/torch/serialization.py", line 1492, in persistent_load
    typed_storage = load_tensor(dtype, nbytes, key, _maybe_decode_ascii(location))
  File "/N/u/zwu1/BigRed200/.conda/envs/hdp/lib/python3.10/site-packages/torch/serialization.py", line 1466, in load_tensor
    wrap_storage=restore_location(storage, location),
  File "/N/u/zwu1/BigRed200/.conda/envs/hdp/lib/python3.10/site-packages/torch/serialization.py", line 414, in default_restore_location
    result = fn(storage, location)
  File "/N/u/zwu1/BigRed200/.conda/envs/hdp/lib/python3.10/site-packages/torch/serialization.py", line 391, in _deserialize
    device = _validate_device(location, backend_name)
  File "/N/u/zwu1/BigRed200/.conda/envs/hdp/lib/python3.10/site-packages/torch/serialization.py", line 364, in _validate_device
    raise RuntimeError(f'Attempting to deserialize object on a {backend_name.upper()} '
RuntimeError: Attempting to deserialize object on a CUDA device but torch.cuda.is_available() is False. If you are running on a CPU-only machine, please use torch.load with map_location=torch.device('cpu') to map your storages to the CPU.
srun: error: nid0647: task 0: Exited with exit code 1
srun: Terminating StepId=4108115.0
